<?xml version="1.0" encoding="UTF-8"?>
<!-- Generated by org.testng.reporters.JUnitReportReporter -->
<testsuite hostname="DESKTOP-OJD6TFS" name="com.selenium.test.FileDownloadConcept" tests="1" failures="0" timestamp="1 Oct 2020 18:43:29 GMT" time="13.810" errors="0">
  <testcase name="downloadFileTest" time="13.810" classname="com.selenium.test.FileDownloadConcept"/>
</testsuite> <!-- com.selenium.test.FileDownloadConcept -->
